\BOOKMARK [0][-]{chapter*.8}{\376\377\144\130\000\040\211\201}{}% 1
\BOOKMARK [0][-]{chapter*.9}{\376\377\000A\000B\000S\000T\000R\000A\000C\000T}{}% 2
\BOOKMARK [0][-]{chapter*.11}{\376\377\126\376\166\356\137\125}{}% 3
\BOOKMARK [0][-]{chapter*.12}{\376\377\210\150\166\356\137\125}{}% 4
\BOOKMARK [0][-]{chapter*.13}{\376\377\116\073\211\201\173\046\123\367\210\150}{}% 5
\BOOKMARK [0][-]{chapter*.15}{\376\377\177\051\165\145\213\315\210\150}{}% 6
\BOOKMARK [0][-]{chapter.1}{\376\377\176\352\213\272}{}% 7
\BOOKMARK [1][-]{section.1.1}{\376\377\170\024\172\166\200\314\146\157\123\312\141\017\116\111}{chapter.1}% 8
\BOOKMARK [1][-]{section.1.2}{\376\377\126\375\121\205\131\026\170\024\172\166\163\260\162\266}{chapter.1}% 9
\BOOKMARK [2][-]{subsection.1.2.1}{\376\377\200\124\220\246\123\112\166\321\167\143\133\146\116\140}{section.1.2}% 10
\BOOKMARK [2][-]{subsection.1.2.2}{\376\377\145\160\143\156\165\037\142\020\145\271\154\325}{section.1.2}% 11
\BOOKMARK [1][-]{section.1.3}{\376\377\213\272\145\207\170\024\172\166\166\204\116\073\211\201\121\205\133\271}{chapter.1}% 12
\BOOKMARK [1][-]{section.1.4}{\376\377\213\272\145\207\176\304\176\307\176\323\147\204}{chapter.1}% 13
\BOOKMARK [0][-]{chapter.2}{\376\377\166\370\121\163\164\006\213\272\116\313\176\315}{}% 14
\BOOKMARK [1][-]{section.2.1}{\376\377\147\054\172\340\137\025\212\000}{chapter.2}% 15
\BOOKMARK [1][-]{section.2.2}{\376\377\200\124\220\246\133\146\116\140}{chapter.2}% 16
\BOOKMARK [2][-]{subsection.2.2.1}{\376\377\200\124\220\246\133\146\116\140\151\202\137\365}{section.2.2}% 17
\BOOKMARK [2][-]{subsection.2.2.2}{\376\377\200\124\220\246\133\146\116\140\122\006\174\173}{section.2.2}% 18
\BOOKMARK [1][-]{section.2.3}{\376\377\123\112\166\321\167\143\133\146\116\140}{chapter.2}% 19
\BOOKMARK [2][-]{subsection.2.3.1}{\376\377\123\112\166\321\167\143\133\146\116\140\151\202\137\365}{section.2.3}% 20
\BOOKMARK [2][-]{subsection.2.3.2}{\376\377\123\112\166\321\167\143\133\146\116\140\145\271\154\325}{section.2.3}% 21
\BOOKMARK [1][-]{section.2.4}{\376\377\210\150\150\074\145\160\143\156\165\037\142\020}{chapter.2}% 22
\BOOKMARK [1][-]{section.2.5}{\376\377\147\054\172\340\134\017\176\323}{chapter.2}% 23
\BOOKMARK [0][-]{chapter.3}{\376\377\127\372\116\216\131\032\145\271\200\124\220\246\166\204\123\112\166\321\167\143\133\146\116\140\145\271\154\325\170\024\172\166}{}% 24
\BOOKMARK [1][-]{section.3.1}{\376\377\147\054\172\340\137\025\212\000}{chapter.3}% 25
\BOOKMARK [1][-]{section.3.2}{\376\377\147\052\150\007\213\260\145\160\143\156\177\072\131\061\225\356\230\230\377\010\000U\000D\000D\000-\000P\000U\377\011\166\204\122\006\147\220\116\016\133\232\116\111}{chapter.3}% 26
\BOOKMARK [1][-]{section.3.3}{\376\377\127\372\116\216\131\032\145\271\200\124\220\246\166\204\123\112\166\321\167\143\133\146\116\140\145\271\154\325}{chapter.3}% 27
\BOOKMARK [2][-]{subsection.3.3.1}{\376\377\145\160\143\156\230\204\131\004\164\006\116\016\122\240\133\306\150\067\147\054\133\371\237\120}{section.3.3}% 28
\BOOKMARK [2][-]{subsection.3.3.2}{\376\377\127\372\116\216\153\143\150\067\147\054\116\016\147\052\150\007\213\260\145\160\143\156\166\204\176\265\124\021\200\124\220\246\133\146\116\140}{section.3.3}% 29
\BOOKMARK [1][-]{section.3.4}{\376\377\133\236\232\214\176\323\147\234\116\016\122\006\147\220}{chapter.3}% 30
\BOOKMARK [2][-]{subsection.3.4.1}{\376\377\145\160\143\156\226\306}{section.3.4}% 31
\BOOKMARK [2][-]{subsection.3.4.2}{\376\377\133\236\232\214\163\257\130\203\123\312\123\302\145\160\213\276\177\156}{section.3.4}% 32
\BOOKMARK [2][-]{subsection.3.4.3}{\376\377\133\236\232\214\116\000\377\032\153\324\217\203\200\124\220\246\124\214\227\136\200\124\220\246\166\204\000\040\000P\000U\000\040\133\146\116\140\166\204\140\047\200\375}{section.3.4}% 33
\BOOKMARK [2][-]{subsection.3.4.4}{\376\377\133\236\232\214\116\214\377\032\122\006\147\220\116\015\124\014\127\372\122\006\174\173\126\150\126\150\133\371\000\040\000V\000F\000P\000U\000\040\140\047\200\375\166\204\137\161\124\315}{section.3.4}% 34
\BOOKMARK [2][-]{subsection.3.4.5}{\376\377\133\236\232\214\116\011\377\032\127\372\176\277\133\371\153\324\133\236\232\214}{section.3.4}% 35
\BOOKMARK [1][-]{section.3.5}{\376\377\147\054\172\340\134\017\176\323}{chapter.3}% 36
\BOOKMARK [0][-]{chapter.4}{\376\377\127\372\116\216\123\112\166\321\167\143\133\146\116\140\166\204\176\265\124\021\200\124\220\246\123\302\116\016\145\271\150\067\147\054\165\037\142\020\145\271\154\325}{}% 37
\BOOKMARK [1][-]{section.4.1}{\376\377\147\054\172\340\137\025\212\000}{chapter.4}% 38
\BOOKMARK [1][-]{section.4.2}{\376\377\225\356\230\230\122\006\147\220\116\016\133\232\116\111}{chapter.4}% 39
\BOOKMARK [1][-]{section.4.3}{\376\377\127\372\116\216\123\112\166\321\167\143\133\146\116\140\166\204\176\265\124\021\200\124\220\246\123\302\116\016\145\271\150\067\147\054\165\037\142\020\145\271\154\325\145\271\154\325\150\106\147\266}{chapter.4}% 40
\BOOKMARK [2][-]{subsection.4.3.1}{\376\377\000P\000r\000o\000c\000e\000s\000s\000\040\000I\000\040\213\241\173\227\215\350\145\271\162\171\137\201\166\370\121\163\140\047}{section.4.3}% 41
\BOOKMARK [2][-]{subsection.4.3.2}{\376\377\000P\000r\000o\000c\000e\000s\000s\000\040\000I\000I\000\040\176\265\124\021\200\124\220\246\123\112\166\321\167\143\145\271\154\325\230\204\155\113\145\160\143\156}{section.4.3}% 42
\BOOKMARK [2][-]{subsection.4.3.3}{\376\377\000P\000r\000o\000c\000e\000s\000s\000\040\000I\000I\000I\000\040\165\037\142\020\152\041\127\213\165\037\142\020\145\160\143\156}{section.4.3}% 43
\BOOKMARK [1][-]{section.4.4}{\376\377\133\236\232\214\176\323\147\234\116\016\122\006\147\220}{chapter.4}% 44
\BOOKMARK [2][-]{subsection.4.4.1}{\376\377\145\160\143\156\226\306}{section.4.4}% 45
\BOOKMARK [2][-]{subsection.4.4.2}{\376\377\133\236\232\214\116\000\166\204\213\276\213\241\116\016\176\323\147\234\122\006\147\220}{section.4.4}% 46
\BOOKMARK [2][-]{subsection.4.4.3}{\376\377\133\236\232\214\116\214\166\204\213\276\213\241\116\016\176\323\147\234\122\006\147\220}{section.4.4}% 47
\BOOKMARK [2][-]{subsection.4.4.4}{\376\377\133\236\232\214\116\011\166\204\213\276\213\241\116\016\176\323\147\234\122\006\147\220}{section.4.4}% 48
\BOOKMARK [0][-]{chapter.5}{\376\377\140\073\176\323\116\016\134\125\147\033}{}% 49
\BOOKMARK [1][-]{section.5.1}{\376\377\170\024\172\166\140\073\176\323}{chapter.5}% 50
\BOOKMARK [1][-]{section.5.2}{\376\377\147\052\147\145\135\345\117\134\134\125\147\033}{chapter.5}% 51
\BOOKMARK [0][-]{chapter*.35}{\376\377\123\302\200\003\145\207\163\056}{}% 52
\BOOKMARK [0][-]{chapter*.36}{\376\377\201\364\000\040\000\040\214\042}{}% 53
