This is pdfTeX, Version 3.141592653-2.6-1.40.25 (MiKTeX 23.5) (preloaded format=pdflatex 2023.9.14)  28 SEP 2023 10:37
entering extended mode
 restricted \write18 enabled.
 %&-line parsing enabled.
**"./Multi-party Federated Recommendation Based on Semi-supervised Learning.tex
"
(Multi-party Federated Recommendation Based on Semi-supervised Learning.tex
LaTeX2e <2023-06-01> patch level 1
L3 programming layer <2023-08-29>
(IEEEtran.cls
Document Class: IEEEtran 2015/08/26 V1.8b by Michael Shell
-- See the "IEEEtran_HOWTO" manual for usage information.
-- http://www.michaelshell.org/tex/ieeetran/
\@IEEEtrantmpdimenA=\dimen140
\@IEEEtrantmpdimenB=\dimen141
\@IEEEtrantmpdimenC=\dimen142
\@IEEEtrantmpcountA=\count185
\@IEEEtrantmpcountB=\count186
\@IEEEtrantmpcountC=\count187
\@IEEEtrantmptoksA=\toks17
LaTeX Font Info:    Trying to load font information for OT1+ppl on input line 5
03.
(D:\MiKTeX\tex/latex/psnfss\ot1ppl.fd
File: ot1ppl.fd 2001/06/04 font definitions for OT1/ppl.
)
-- Using IEEE Computer Society mode.
-- Using 8.5in x 11in (letter) paper.
-- Using PDF output.
\@IEEEnormalsizeunitybaselineskip=\dimen143
-- This is a 10 point document.
\CLASSINFOnormalsizebaselineskip=\dimen144
\CLASSINFOnormalsizeunitybaselineskip=\dimen145
\IEEEnormaljot=\dimen146
LaTeX Font Info:    Font shape `OT1/ppl/bx/n' in size <5.01874> not available
(Font)              Font shape `OT1/ppl/b/n' tried instead on input line 1090.
LaTeX Font Info:    Font shape `OT1/ppl/bx/it' in size <5.01874> not available
(Font)              Font shape `OT1/ppl/b/it' tried instead on input line 1090.

LaTeX Font Info:    Font shape `OT1/ppl/bx/n' in size <7.02625> not available
(Font)              Font shape `OT1/ppl/b/n' tried instead on input line 1090.
LaTeX Font Info:    Font shape `OT1/ppl/bx/it' in size <7.02625> not available
(Font)              Font shape `OT1/ppl/b/it' tried instead on input line 1090.

LaTeX Font Info:    Font shape `OT1/ppl/bx/n' in size <8.03> not available
(Font)              Font shape `OT1/ppl/b/n' tried instead on input line 1090.
LaTeX Font Info:    Font shape `OT1/ppl/bx/it' in size <8.03> not available
(Font)              Font shape `OT1/ppl/b/it' tried instead on input line 1090.

LaTeX Font Info:    Font shape `OT1/ppl/bx/n' in size <9.03374> not available
(Font)              Font shape `OT1/ppl/b/n' tried instead on input line 1090.
LaTeX Font Info:    Font shape `OT1/ppl/bx/it' in size <9.03374> not available
(Font)              Font shape `OT1/ppl/b/it' tried instead on input line 1090.

LaTeX Font Info:    Font shape `OT1/ppl/bx/n' in size <9.53561> not available
(Font)              Font shape `OT1/ppl/b/n' tried instead on input line 1090.
LaTeX Font Info:    Font shape `OT1/ppl/bx/it' in size <9.53561> not available
(Font)              Font shape `OT1/ppl/b/it' tried instead on input line 1090.

LaTeX Font Info:    Font shape `OT1/ppl/bx/n' in size <11.04124> not available
(Font)              Font shape `OT1/ppl/b/n' tried instead on input line 1090.
LaTeX Font Info:    Font shape `OT1/ppl/bx/it' in size <11.04124> not available

(Font)              Font shape `OT1/ppl/b/it' tried instead on input line 1090.

LaTeX Font Info:    Font shape `OT1/ppl/bx/n' in size <12.045> not available
(Font)              Font shape `OT1/ppl/b/n' tried instead on input line 1090.
LaTeX Font Info:    Font shape `OT1/ppl/bx/it' in size <12.045> not available
(Font)              Font shape `OT1/ppl/b/it' tried instead on input line 1090.

LaTeX Font Info:    Font shape `OT1/ppl/bx/n' in size <17.06374> not available
(Font)              Font shape `OT1/ppl/b/n' tried instead on input line 1090.
LaTeX Font Info:    Font shape `OT1/ppl/bx/it' in size <17.06374> not available

(Font)              Font shape `OT1/ppl/b/it' tried instead on input line 1090.

LaTeX Font Info:    Font shape `OT1/ppl/bx/n' in size <20.075> not available
(Font)              Font shape `OT1/ppl/b/n' tried instead on input line 1090.
LaTeX Font Info:    Font shape `OT1/ppl/bx/it' in size <20.075> not available
(Font)              Font shape `OT1/ppl/b/it' tried instead on input line 1090.

LaTeX Font Info:    Font shape `OT1/ppl/bx/n' in size <24.09> not available
(Font)              Font shape `OT1/ppl/b/n' tried instead on input line 1090.
LaTeX Font Info:    Font shape `OT1/ppl/bx/it' in size <24.09> not available
(Font)              Font shape `OT1/ppl/b/it' tried instead on input line 1090.

\IEEEquantizedlength=\dimen147
\IEEEquantizedlengthdiff=\dimen148
\IEEEquantizedtextheightdiff=\dimen149
\IEEEilabelindentA=\dimen150
\IEEEilabelindentB=\dimen151
\IEEEilabelindent=\dimen152
\IEEEelabelindent=\dimen153
\IEEEdlabelindent=\dimen154
\IEEElabelindent=\dimen155
\IEEEiednormlabelsep=\dimen156
\IEEEiedmathlabelsep=\dimen157
\IEEEiedtopsep=\skip48
\c@section=\count188
\c@subsection=\count189
\c@subsubsection=\count190
\c@paragraph=\count191
\c@IEEEsubequation=\count192
\abovecaptionskip=\skip49
\belowcaptionskip=\skip50
\c@figure=\count193
\c@table=\count194
\@IEEEeqnnumcols=\count195
\@IEEEeqncolcnt=\count196
\@IEEEsubeqnnumrollback=\count197
\@IEEEquantizeheightA=\dimen158
\@IEEEquantizeheightB=\dimen159
\@IEEEquantizeheightC=\dimen160
\@IEEEquantizeprevdepth=\dimen161
\@IEEEquantizemultiple=\count198
\@IEEEquantizeboxA=\box51
\@IEEEtmpitemindent=\dimen162
\IEEEPARstartletwidth=\dimen163
\c@IEEEbiography=\count199
\@IEEEtranrubishbin=\box52
) (D:\MiKTeX\tex/latex/amsmath\amsmath.sty
Package: amsmath 2023/05/13 v2.17o AMS math features
\@mathmargin=\skip51

For additional information on amsmath, use the `?' option.
(D:\MiKTeX\tex/latex/amsmath\amstext.sty
Package: amstext 2021/08/26 v2.01 AMS text

(D:\MiKTeX\tex/latex/amsmath\amsgen.sty
File: amsgen.sty 1999/11/30 v2.0 generic functions
\@emptytoks=\toks18
\ex@=\dimen164
))
(D:\MiKTeX\tex/latex/amsmath\amsbsy.sty
Package: amsbsy 1999/11/29 v1.2d Bold Symbols
\pmbraise@=\dimen165
)
(D:\MiKTeX\tex/latex/amsmath\amsopn.sty
Package: amsopn 2022/04/08 v2.04 operator names
)
\inf@bad=\count266
LaTeX Info: Redefining \frac on input line 234.
\uproot@=\count267
\leftroot@=\count268
LaTeX Info: Redefining \overline on input line 399.
LaTeX Info: Redefining \colon on input line 410.
\classnum@=\count269
\DOTSCASE@=\count270
LaTeX Info: Redefining \ldots on input line 496.
LaTeX Info: Redefining \dots on input line 499.
LaTeX Info: Redefining \cdots on input line 620.
\Mathstrutbox@=\box53
\strutbox@=\box54
LaTeX Info: Redefining \big on input line 722.
LaTeX Info: Redefining \Big on input line 723.
LaTeX Info: Redefining \bigg on input line 724.
LaTeX Info: Redefining \Bigg on input line 725.
\big@size=\dimen166
LaTeX Font Info:    Redeclaring font encoding OML on input line 743.
LaTeX Font Info:    Redeclaring font encoding OMS on input line 744.
\macc@depth=\count271
LaTeX Info: Redefining \bmod on input line 905.
LaTeX Info: Redefining \pmod on input line 910.
LaTeX Info: Redefining \smash on input line 940.
LaTeX Info: Redefining \relbar on input line 970.
LaTeX Info: Redefining \Relbar on input line 971.
\c@MaxMatrixCols=\count272
\dotsspace@=\muskip16
\c@parentequation=\count273
\dspbrk@lvl=\count274
\tag@help=\toks19
\row@=\count275
\column@=\count276
\maxfields@=\count277
\andhelp@=\toks20
\eqnshift@=\dimen167
\alignsep@=\dimen168
\tagshift@=\dimen169
\tagwidth@=\dimen170
\totwidth@=\dimen171
\lineht@=\dimen172
\@envbody=\toks21
\multlinegap=\skip52
\multlinetaggap=\skip53
\mathdisplay@stack=\toks22
LaTeX Info: Redefining \[ on input line 2953.
LaTeX Info: Redefining \] on input line 2954.
)
(D:\MiKTeX\tex/latex/amsfonts\amsfonts.sty
Package: amsfonts 2013/01/14 v3.01 Basic AMSFonts support
\symAMSa=\mathgroup4
\symAMSb=\mathgroup5
LaTeX Font Info:    Redeclaring math symbol \hbar on input line 98.
LaTeX Font Info:    Overwriting math alphabet `\mathfrak' in version `bold'
(Font)                  U/euf/m/n --> U/euf/b/n on input line 106.
)
(D:\MiKTeX\tex/latex/algorithmicx\algpseudocode.sty
Package: algpseudocode 

(D:\MiKTeX\tex/latex/base\ifthen.sty
Package: ifthen 2022/04/13 v1.1d Standard LaTeX ifthen package (DPC)
)
(D:\MiKTeX\tex/latex/algorithmicx\algorithmicx.sty
Package: algorithmicx 2005/04/27 v1.2 Algorithmicx

Document Style algorithmicx 1.2 - a greatly improved `algorithmic' style
\c@ALG@line=\count278
\c@ALG@rem=\count279
\c@ALG@nested=\count280
\ALG@tlm=\skip54
\ALG@thistlm=\skip55
\c@ALG@Lnr=\count281
\c@ALG@blocknr=\count282
\c@ALG@storecount=\count283
\c@ALG@tmpcounter=\count284
\ALG@tmplength=\skip56
)
Document Style - pseudocode environments for use with the `algorithmicx' style
) (D:\MiKTeX\tex/latex/algorithms\algorithm.sty
Package: algorithm 2009/08/24 v0.1 Document Style `algorithm' - floating enviro
nment

(D:\MiKTeX\tex/latex/float\float.sty
Package: float 2001/11/08 v1.3d Float enhancements (AL)
\c@float@type=\count285
\float@exts=\toks23
\float@box=\box55
\@float@everytoks=\toks24
\@floatcapt=\box56
)
\@float@every@algorithm=\toks25
\c@algorithm=\count286
)
(D:\MiKTeX\tex/latex/enumitem\enumitem.sty
Package: enumitem 2019/06/20 v3.9 Customized lists
\enitkv@toks@=\toks26
\labelindent=\skip57
\enit@outerparindent=\dimen173
\enit@toks=\toks27
\enit@inbox=\box57
\enit@count@id=\count287
\enitdp@description=\count288
)
(D:\MiKTeX\tex/latex/tools\array.sty
Package: array 2022/09/04 v2.5g Tabular extension package (FMi)
\col@sep=\dimen174
\ar@mcellbox=\box58
\extrarowheight=\dimen175
\NC@list=\toks28
\extratabsurround=\skip58
\backup@length=\skip59
\ar@cellbox=\box59
) (D:\MiKTeX\tex/latex/base\textcomp.sty
Package: textcomp 2020/02/02 v2.0n Standard LaTeX package
)
(D:\MiKTeX\tex/latex/url\url.sty
\Urlmuskip=\muskip17
Package: url 2013/09/16  ver 3.4  Verb mode for urls, etc.
) (D:\MiKTeX\tex/latex/tools\verbatim.sty
Package: verbatim 2022-07-02 v1.5u LaTeX2e package for verbatim enhancements
\every@verbatim=\toks29
\verbatim@line=\toks30
\verbatim@in@stream=\read2
)
(D:\MiKTeX\tex/latex/graphics\graphicx.sty
Package: graphicx 2021/09/16 v1.2d Enhanced LaTeX Graphics (DPC,SPQR)

(D:\MiKTeX\tex/latex/graphics\keyval.sty
Package: keyval 2022/05/29 v1.15 key=value parser (DPC)
\KV@toks@=\toks31
)
(D:\MiKTeX\tex/latex/graphics\graphics.sty
Package: graphics 2022/03/10 v1.4e Standard LaTeX Graphics (DPC,SPQR)

(D:\MiKTeX\tex/latex/graphics\trig.sty
Package: trig 2021/08/11 v1.11 sin cos tan (DPC)
)
(D:\MiKTeX\tex/latex/graphics-cfg\graphics.cfg
File: graphics.cfg 2016/06/04 v1.11 sample graphics configuration
)
Package graphics Info: Driver file: pdftex.def on input line 107.

(D:\MiKTeX\tex/latex/graphics-def\pdftex.def
File: pdftex.def 2022/09/22 v1.2b Graphics/color driver for pdftex
))
\Gin@req@height=\dimen176
\Gin@req@width=\dimen177
)
(D:\MiKTeX\tex/latex/cite\cite.sty
LaTeX Info: Redefining \cite on input line 302.
LaTeX Info: Redefining \nocite on input line 332.
Package: cite 2015/02/27  v 5.5
) (D:\MiKTeX\tex/latex/natbib\natbib.sty
Package: natbib 2010/09/13 8.31b (PWD, AO)


Package natbib Warning: The `cite' package should not be used
(natbib)                with natbib. Use option `sort' instead.

\bibhang=\skip60
\bibsep=\skip61
LaTeX Info: Redefining \cite on input line 694.
LaTeX Info: Redefining \citenum on input line 708.
\c@NAT@ctr=\count289
) (D:\MiKTeX\tex/latex/hyperref\hyperref.sty
Package: hyperref 2023-07-08 v7.01b Hypertext links for LaTeX

(D:\MiKTeX\tex/generic/ltxcmds\ltxcmds.sty
Package: ltxcmds 2020-05-10 v1.25 LaTeX kernel commands for general use (HO)
)
(D:\MiKTeX\tex/generic/iftex\iftex.sty
Package: iftex 2022/02/03 v1.0f TeX engine tests
)
(D:\MiKTeX\tex/generic/pdftexcmds\pdftexcmds.sty
Package: pdftexcmds 2020-06-27 v0.33 Utility functions of pdfTeX for LuaTeX (HO
)

(D:\MiKTeX\tex/generic/infwarerr\infwarerr.sty
Package: infwarerr 2019/12/03 v1.5 Providing info/warning/error messages (HO)
)
Package pdftexcmds Info: \pdf@primitive is available.
Package pdftexcmds Info: \pdf@ifprimitive is available.
Package pdftexcmds Info: \pdfdraftmode found.
)
(D:\MiKTeX\tex/latex/kvsetkeys\kvsetkeys.sty
Package: kvsetkeys 2022-10-05 v1.19 Key value parser (HO)
)
(D:\MiKTeX\tex/generic/kvdefinekeys\kvdefinekeys.sty
Package: kvdefinekeys 2019-12-19 v1.6 Define keys (HO)
)
(D:\MiKTeX\tex/generic/pdfescape\pdfescape.sty
Package: pdfescape 2019/12/09 v1.15 Implements pdfTeX's escape features (HO)
)
(D:\MiKTeX\tex/latex/hycolor\hycolor.sty
Package: hycolor 2020-01-27 v1.10 Color options for hyperref/bookmark (HO)
)
(D:\MiKTeX\tex/latex/letltxmacro\letltxmacro.sty
Package: letltxmacro 2019/12/03 v1.6 Let assignment for LaTeX macros (HO)
)
(D:\MiKTeX\tex/latex/auxhook\auxhook.sty
Package: auxhook 2019-12-17 v1.6 Hooks for auxiliary files (HO)
)
(D:\MiKTeX\tex/latex/hyperref\nameref.sty
Package: nameref 2023-08-07 v2.53 Cross-referencing by name of section

(D:\MiKTeX\tex/latex/refcount\refcount.sty
Package: refcount 2019/12/15 v3.6 Data extraction from label references (HO)
)
(D:\MiKTeX\tex/generic/gettitlestring\gettitlestring.sty
Package: gettitlestring 2019/12/15 v1.6 Cleanup title references (HO)

(D:\MiKTeX\tex/latex/kvoptions\kvoptions.sty
Package: kvoptions 2022-06-15 v3.15 Key value format for package options (HO)
))
\c@section@level=\count290
)
(D:\MiKTeX\tex/latex/etoolbox\etoolbox.sty
Package: etoolbox 2020/10/05 v2.5k e-TeX tools for LaTeX (JAW)
\etb@tempcnta=\count291
)
\@linkdim=\dimen178
\Hy@linkcounter=\count292
\Hy@pagecounter=\count293

(D:\MiKTeX\tex/latex/hyperref\pd1enc.def
File: pd1enc.def 2023-07-08 v7.01b Hyperref: PDFDocEncoding definition (HO)
Now handling font encoding PD1 ...
... no UTF-8 mapping file for font encoding PD1
)
(D:\MiKTeX\tex/generic/intcalc\intcalc.sty
Package: intcalc 2019/12/15 v1.3 Expandable calculations with integers (HO)
)
\Hy@SavedSpaceFactor=\count294

(D:\MiKTeX\tex/latex/hyperref\puenc.def
File: puenc.def 2023-07-08 v7.01b Hyperref: PDF Unicode definition (HO)
Now handling font encoding PU ...
... no UTF-8 mapping file for font encoding PU
)
Package hyperref Info: Hyper figures OFF on input line 4167.
Package hyperref Info: Link nesting OFF on input line 4172.
Package hyperref Info: Hyper index ON on input line 4175.
Package hyperref Info: Plain pages OFF on input line 4182.
Package hyperref Info: Backreferencing OFF on input line 4187.
Package hyperref Info: Implicit mode ON; LaTeX internals redefined.
Package hyperref Info: Bookmarks ON on input line 4434.
\c@Hy@tempcnt=\count295
LaTeX Info: Redefining \url on input line 4772.
\XeTeXLinkMargin=\dimen179

(D:\MiKTeX\tex/generic/bitset\bitset.sty
Package: bitset 2019/12/09 v1.3 Handle bit-vector datatype (HO)

(D:\MiKTeX\tex/generic/bigintcalc\bigintcalc.sty
Package: bigintcalc 2019/12/15 v1.5 Expandable calculations on big integers (HO
)
))
\Fld@menulength=\count296
\Field@Width=\dimen180
\Fld@charsize=\dimen181
Package hyperref Info: Hyper figures OFF on input line 6051.
Package hyperref Info: Link nesting OFF on input line 6056.
Package hyperref Info: Hyper index ON on input line 6059.
Package hyperref Info: backreferencing OFF on input line 6066.
Package hyperref Info: Link coloring OFF on input line 6071.
Package hyperref Info: Link coloring with OCG OFF on input line 6076.
Package hyperref Info: PDF/A mode OFF on input line 6081.

(D:\MiKTeX\tex/latex/base\atbegshi-ltx.sty
Package: atbegshi-ltx 2021/01/10 v1.0c Emulation of the original atbegshi
package with kernel methods
)
\Hy@abspage=\count297
\c@Item=\count298
\c@Hfootnote=\count299
)
Package hyperref Info: Driver (autodetected): hpdftex.

(D:\MiKTeX\tex/latex/hyperref\hpdftex.def
File: hpdftex.def 2023-07-08 v7.01b Hyperref driver for pdfTeX

(D:\MiKTeX\tex/latex/base\atveryend-ltx.sty
Package: atveryend-ltx 2020/08/19 v1.0a Emulation of the original atveryend pac
kage
with kernel methods
)
\Fld@listcount=\count300
\c@bookmark@seq@number=\count301

(D:\MiKTeX\tex/latex/rerunfilecheck\rerunfilecheck.sty
Package: rerunfilecheck 2022-07-10 v1.10 Rerun checks for auxiliary files (HO)

(D:\MiKTeX\tex/generic/uniquecounter\uniquecounter.sty
Package: uniquecounter 2019/12/15 v1.4 Provide unlimited unique counter (HO)
)
Package uniquecounter Info: New unique counter `rerunfilecheck' on input line 2
85.
)
\Hy@SectionHShift=\skip62
)
(D:\MiKTeX\tex/latex/caption\caption.sty
Package: caption 2023/07/31 v3.6n Customizing captions (AR)

(D:\MiKTeX\tex/latex/caption\caption3.sty
Package: caption3 2023/07/31 v2.4d caption3 kernel (AR)
\caption@tempdima=\dimen182
\captionmargin=\dimen183
\caption@leftmargin=\dimen184
\caption@rightmargin=\dimen185
\caption@width=\dimen186
\caption@indent=\dimen187
\caption@parindent=\dimen188
\caption@hangindent=\dimen189
Package caption Info: Unknown document class (or package),
(caption)             standard defaults will be used.
Package caption Info: \@makecaption = \long macro:#1#2->\ifx \@captype \@IEEEta
blestring \footnotesize \bgroup \par \centering \@IEEEtabletopskipstrut {\norma
lfont \sffamily \footnotesize #1}\\{\normalfont \sffamily \footnotesize #2}\par
 \addvspace {0.5\baselineskip }\egroup \@IEEEtablecaptionsepspace \else \@IEEEf
igurecaptionsepspace \setbox \@tempboxa \hbox {\normalfont \sffamily \footnotes
ize {#1.}\nobreakspace #2}\ifdim \wd \@tempboxa >\hsize \setbox \@tempboxa \hbo
x {\normalfont \sffamily \footnotesize {#1.}\nobreakspace }\parbox [t]{\hsize }
{\normalfont \sffamily \footnotesize \noindent \unhbox \@tempboxa #2}\else \hbo
x to\hsize {\normalfont \sffamily \footnotesize \box \@tempboxa \hfil }\fi \fi 
 on input line 1170.
)

Package caption Warning: Unknown document class (or package),
(caption)                standard defaults will be used.
See the caption package documentation for explanation.

\c@caption@flags=\count302
\c@continuedfloat=\count303
Package caption Info: float package is loaded.
Package caption Info: hyperref package is loaded.
) (D:\MiKTeX\tex/latex/graphics\color.sty
Package: color 2022/01/06 v1.3d Standard LaTeX Color (DPC)

(D:\MiKTeX\tex/latex/graphics-cfg\color.cfg
File: color.cfg 2016/01/02 v1.6 sample color configuration
)
Package color Info: Driver file: pdftex.def on input line 149.

(D:\MiKTeX\tex/latex/graphics\mathcolor.ltx))
(D:\MiKTeX\tex/latex/tabularray\tabularray.sty
(D:\MiKTeX\tex/latex/l3kernel\expl3.sty
Package: expl3 2023-08-29 L3 programming layer (loader) 

(D:\MiKTeX\tex/latex/l3backend\l3backend-pdftex.def
File: l3backend-pdftex.def 2023-04-19 L3 backend support: PDF output (pdfTeX)
\l__color_backend_stack_int=\count304
\l__pdf_internal_box=\box60
))
Package: tabularray 2023-03-01 v2023A Typeset tabulars and arrays with LaTeX3
\l__tblr_a_int=\count305
\l__tblr_c_int=\count306
\l__tblr_r_int=\count307
\l__tblr_d_dim=\dimen190
\l__tblr_h_dim=\dimen191
\l__tblr_o_dim=\dimen192
\l__tblr_p_dim=\dimen193
\l__tblr_q_dim=\dimen194
\l__tblr_r_dim=\dimen195
\l__tblr_s_dim=\dimen196
\l__tblr_t_dim=\dimen197
\l__tblr_v_dim=\dimen198
\l__tblr_w_dim=\dimen199
\l__tblr_a_box=\box61
\l__tblr_b_box=\box62
\l__tblr_c_box=\box63
\l__tblr_d_box=\box64
\g__tblr_table_count_int=\count308
\c@rownum=\count309
\c@colnum=\count310
\c@rowcount=\count311
\c@colcount=\count312
\abovesep=\dimen256
\belowsep=\dimen257
\leftsep=\dimen258
\rightsep=\dimen259
\g_tblr_level_int=\count313
\g__tblr_data_row_key_count_int=\count314
\g__tblr_data_column_key_count_int=\count315
\g__tblr_data_cell_key_count_int=\count316
\g__tblr_array_int=\count317
\l__tblr_key_count_int=\count318
\l__tblr_key_quotient_int=\count319
\l__tblr_key_quotient_two_int=\count320
\l__tblr_key_remainder_int=\count321
\g__tblr_data_str_value_count_int=\count322
\rulewidth=\dimen260
\l__tblr_strut_dp_dim=\dimen261
\l__tblr_strut_ht_dim=\dimen262
\g__tblr_cell_wd_dim=\dimen263
\g__tblr_cell_ht_dim=\dimen264
\g__tblr_cell_head_dim=\dimen265
\g__tblr_cell_foot_dim=\dimen266
\l__column_target_dim=\dimen267
\l__tblr_caption_box=\box65
\l__tblr_caption_left_box=\box66
\l__tblr_row_head_box=\box67
\l__tblr_row_foot_box=\box68
\l__tblr_row_head_foot_dim=\dimen268
\tablewidth=\dimen269
\l__tblr_table_firsthead_box=\box69
\l__tblr_table_middlehead_box=\box70
\l__tblr_table_lasthead_box=\box71
\l__tblr_table_firstfoot_box=\box72
\l__tblr_table_middlefoot_box=\box73
\l__tblr_table_lastfoot_box=\box74
\l__tblr_remain_height_dim=\dimen270
\l__tblr_long_from_int=\count323
\l__tblr_long_to_int=\count324
\l__tblr_curr_i_int=\count325
\l__tblr_prev_i_int=\count326
\l__tblr_table_page_int=\count327
\l__tblr_table_head_box=\box75
\l__tblr_table_foot_box=\box76
\l__tblr_table_head_foot_dim=\dimen271
\l__tblr_table_head_body_foot_dim=\dimen272
\l__tblr_table_box=\box77
\l__tblr_table_hlines_box=\box78
\l__tblr_hline_box=\box79
\l__tblr_row_box=\box80
\l__tblr_col_o_wd_dim=\dimen273
\l__tblr_col_b_wd_dim=\dimen274
\l__tblr_hline_leftskip_dim=\dimen275
\l__tblr_hline_rightskip_dim=\dimen276
\l__tblr_row_ht_dim=\dimen277
\l__tblr_row_dp_dim=\dimen278
\l__tblr_row_abovesep_dim=\dimen279
\l__tblr_row_belowsep_dim=\dimen280
\l__tblr_row_vlines_box=\box81
\l__tblr_vline_box=\box82
\l__tblr_cell_box=\box83
\l__row_upper_dim=\dimen281
\l__row_lower_dim=\dimen282
\l__row_vpace_dim=\dimen283
\l__tblr_vline_aboveskip_dim=\dimen284
\l__tblr_vline_belowskip_dim=\dimen285
\l__tblr_cell_wd_dim=\dimen286
\l__tblr_cell_ht_dim=\dimen287
\l__tblr_diag_box=\box84
)
(D:\MiKTeX\tex/latex/caption\subcaption.sty
Package: subcaption 2023/07/28 v1.6b Sub-captions (AR)
Package caption Info: New subtype `subfigure' on input line 238.
\c@subfigure=\count328
Package caption Info: New subtype `subtable' on input line 238.
\c@subtable=\count329
)
(D:\MiKTeX\tex/latex/multirow\multirow.sty
Package: multirow 2021/03/15 v2.8 Span multiple rows of a table
\multirow@colwidth=\skip63
\multirow@cntb=\count330
\multirow@dima=\skip64
\bigstrutjot=\dimen288
)
(D:\MiKTeX\tex/latex/colortbl\colortbl.sty
Package: colortbl 2022/06/20 v1.0f Color table columns (DPC)
\everycr=\toks32
\minrowclearance=\skip65
)
(D:\MiKTeX\tex/latex/adjustbox\adjustbox.sty
Package: adjustbox 2022/10/17 v1.3a Adjusting TeX boxes (trim, clip, ...)

(D:\MiKTeX\tex/latex/xkeyval\xkeyval.sty
Package: xkeyval 2022/06/16 v2.9 package option processing (HA)

(D:\MiKTeX\tex/generic/xkeyval\xkeyval.tex
(D:\MiKTeX\tex/generic/xkeyval\xkvutils.tex
\XKV@toks=\toks33
\XKV@tempa@toks=\toks34
)
\XKV@depth=\count331
File: xkeyval.tex 2014/12/03 v2.7a key=value parser (HA)
))
(D:\MiKTeX\tex/latex/adjustbox\adjcalc.sty
Package: adjcalc 2012/05/16 v1.1 Provides advanced setlength with multiple back
-ends (calc, etex, pgfmath)
)
(D:\MiKTeX\tex/latex/adjustbox\trimclip.sty
Package: trimclip 2020/08/19 v1.2 Trim and clip general TeX material

(D:\MiKTeX\tex/latex/collectbox\collectbox.sty
Package: collectbox 2022/10/17 v0.4c Collect macro arguments as boxes
\collectedbox=\box85
)
\tc@llx=\dimen289
\tc@lly=\dimen290
\tc@urx=\dimen291
\tc@ury=\dimen292
Package trimclip Info: Using driver 'tc-pdftex.def'.

(D:\MiKTeX\tex/latex/adjustbox\tc-pdftex.def
File: tc-pdftex.def 2019/01/04 v2.2 Clipping driver for pdftex
))
\adjbox@Width=\dimen293
\adjbox@Height=\dimen294
\adjbox@Depth=\dimen295
\adjbox@Totalheight=\dimen296
\adjbox@pwidth=\dimen297
\adjbox@pheight=\dimen298
\adjbox@pdepth=\dimen299
\adjbox@ptotalheight=\dimen300

(D:\MiKTeX\tex/latex/ifoddpage\ifoddpage.sty
Package: ifoddpage 2022/10/18 v1.2 Conditionals for odd/even page detection
\c@checkoddpage=\count332
)
(D:\MiKTeX\tex/latex/varwidth\varwidth.sty
Package: varwidth 2009/03/30 ver 0.92;  Variable-width minipages
\@vwid@box=\box86
\sift@deathcycles=\count333
\@vwid@loff=\dimen301
\@vwid@roff=\dimen302
))
(D:\MiKTeX\tex/latex/booktabs\booktabs.sty
Package: booktabs 2020/01/12 v1.61803398 Publication quality tables
\heavyrulewidth=\dimen303
\lightrulewidth=\dimen304
\cmidrulewidth=\dimen305
\belowrulesep=\dimen306
\belowbottomsep=\dimen307
\aboverulesep=\dimen308
\abovetopsep=\dimen309
\cmidrulesep=\dimen310
\cmidrulekern=\dimen311
\defaultaddspace=\dimen312
\@cmidla=\count334
\@cmidlb=\count335
\@aboverulesep=\dimen313
\@belowrulesep=\dimen314
\@thisruleclass=\count336
\@lastruleclass=\count337
\@thisrulewidth=\dimen315
)
(D:\MiKTeX\tex/latex/diagbox\diagbox.sty
Package: diagbox 2020/02/09 v2.3 Making table heads with diagonal lines
 (D:\MiKTeX\tex/latex/pict2e\pict2e.sty
Package: pict2e 2020/09/30 v0.4b Improved picture commands (HjG,RN,JT)
(D:\MiKTeX\tex/latex/pict2e\pict2e.cfg
File: pict2e.cfg 2016/02/05 v0.1u pict2e configuration for teTeX/TeXLive
)
Package pict2e Info: Driver file: pdftex.def on input line 112.
Package pict2e Info: Driver file for pict2e: p2e-pdftex.def on input line 114.

(D:\MiKTeX\tex/latex/pict2e\p2e-pdftex.def
File: p2e-pdftex.def 2016/02/05 v0.1u Driver-dependant file (RN,HjG,JT)
)
\pIIe@GRAPH=\toks35
\@arclen=\dimen316
\@arcrad=\dimen317
\pIIe@tempdima=\dimen318
\pIIe@tempdimb=\dimen319
\pIIe@tempdimc=\dimen320
\pIIe@tempdimd=\dimen321
\pIIe@tempdime=\dimen322
\pIIe@tempdimf=\dimen323
)
(D:\MiKTeX\tex/latex/tools\calc.sty
Package: calc 2017/05/25 v4.3 Infix arithmetic (KKT,FJ)
\calc@Acount=\count338
\calc@Bcount=\count339
\calc@Adimen=\dimen324
\calc@Bdimen=\dimen325
\calc@Askip=\skip66
\calc@Bskip=\skip67
LaTeX Info: Redefining \setlength on input line 80.
LaTeX Info: Redefining \addtolength on input line 81.
\calc@Ccount=\count340
\calc@Cskip=\skip68
)
\diagbox@boxa=\box87
\diagbox@boxb=\box88
\diagbox@boxm=\box89
\diagbox@wd=\dimen326
\diagbox@ht=\dimen327
\diagbox@insepl=\dimen328
\diagbox@insepr=\dimen329
\diagbox@outsepl=\dimen330
\diagbox@outsepr=\dimen331
)
(Multi-party Federated Recommendation Based on Semi-supervised Learning.aux)
\openout1 = `"Multi-party Federated Recommendation Based on Semi-supervised Lea
rning.aux"'.

LaTeX Font Info:    Checking defaults for OML/cmm/m/it on input line 45.
LaTeX Font Info:    ... okay on input line 45.
LaTeX Font Info:    Checking defaults for OMS/cmsy/m/n on input line 45.
LaTeX Font Info:    ... okay on input line 45.
LaTeX Font Info:    Checking defaults for OT1/cmr/m/n on input line 45.
LaTeX Font Info:    ... okay on input line 45.
LaTeX Font Info:    Checking defaults for T1/cmr/m/n on input line 45.
LaTeX Font Info:    ... okay on input line 45.
LaTeX Font Info:    Checking defaults for TS1/cmr/m/n on input line 45.
LaTeX Font Info:    ... okay on input line 45.
LaTeX Font Info:    Checking defaults for OMX/cmex/m/n on input line 45.
LaTeX Font Info:    ... okay on input line 45.
LaTeX Font Info:    Checking defaults for U/cmr/m/n on input line 45.
LaTeX Font Info:    ... okay on input line 45.
LaTeX Font Info:    Checking defaults for PD1/pdf/m/n on input line 45.
LaTeX Font Info:    ... okay on input line 45.
LaTeX Font Info:    Checking defaults for PU/pdf/m/n on input line 45.
LaTeX Font Info:    ... okay on input line 45.

-- Lines per column: 61 (exact).
(D:\MiKTeX\tex/context/base/mkii\supp-pdf.mkii
[Loading MPS to PDF converter (version 2006.09.02).]
\scratchcounter=\count341
\scratchdimen=\dimen332
\scratchbox=\box90
\nofMPsegments=\count342
\nofMParguments=\count343
\everyMPshowfont=\toks36
\MPscratchCnt=\count344
\MPscratchDim=\dimen333
\MPnumerator=\count345
\makeMPintoPDFobject=\count346
\everyMPtoPDFconversion=\toks37
) (D:\MiKTeX\tex/latex/epstopdf-pkg\epstopdf-base.sty
Package: epstopdf-base 2020-01-24 v2.11 Base part for package epstopdf
Package epstopdf-base Info: Redefining graphics rule for `.eps' on input line 4
85.

(D:\MiKTeX\tex/latex/00miktex\epstopdf-sys.cfg
File: epstopdf-sys.cfg 2021/03/18 v2.0 Configuration of epstopdf for MiKTeX
))
Package hyperref Info: Link coloring OFF on input line 45.

(Multi-party Federated Recommendation Based on Semi-supervised Learning.out)
(Multi-party Federated Recommendation Based on Semi-supervised Learning.out)
\@outlinefile=\write3
\openout3 = `"Multi-party Federated Recommendation Based on Semi-supervised Lea
rning.out"'.

Package caption Info: Begin \AtBeginDocument code.
Package caption Info: End \AtBeginDocument code.
LaTeX Font Info:    Trying to load font information for OT1+phv on input line 8
2.

(D:\MiKTeX\tex/latex/psnfss\ot1phv.fd
File: ot1phv.fd 2020/03/25 scalable font definitions for OT1/phv.
)
LaTeX Font Info:    Calculating math sizes for size <11.04124> on input line 82
.
LaTeX Font Info:    Trying to load font information for U+msa on input line 82.

 (D:\MiKTeX\tex/latex/amsfonts\umsa.fd
File: umsa.fd 2013/01/14 v3.01 AMS symbols A
)
LaTeX Font Info:    Trying to load font information for U+msb on input line 82.


(D:\MiKTeX\tex/latex/amsfonts\umsb.fd
File: umsb.fd 2013/01/14 v3.01 AMS symbols B
)
LaTeX Font Info:    Trying to load font information for U+pzd on input line 82.

 (D:\MiKTeX\tex/latex/psnfss\upzd.fd
File: upzd.fd 2001/06/04 font definitions for U/pzd.
)
Underfull \hbox (badness 10000) in paragraph at lines 82--82
\OT1/ppl/m/it/8.03 E-mails: li-uxin@cqupt.edu.cn, s221201028@stu.cqupt.edu.cn, 
chen-
 []


Underfull \hbox (badness 10000) in paragraph at lines 82--82
\OT1/ppl/m/it/8.03 feng@cqupt.edu.cn, weiqj@cqupt.edu.cn, s221231019@stu.cqupt.
edu.cn,
 []

[1{C:/Users/Administrator/AppData/Local/MiKTeX/fonts/map/pdftex/pdftex.map}{D:/
MiKTeX/fonts/enc/dvips/base/8r.enc}


]
LaTeX Font Info:    Calculating math sizes for size <9.53561> on input line 101
.
 [2]
<./Figure 1 in JEPG format.jpg, id=210, 5711.3375pt x 6413.9625pt>
File: ./Figure 1 in JEPG format.jpg Graphic file (type jpg)
<use ./Figure 1 in JEPG format.jpg>
Package pdftex.def Info: ./Figure 1 in JEPG format.jpg  used on input line 143.

(pdftex.def)             Requested size: 466.13834pt x 523.40375pt.
LaTeX Font Info:    Font shape `OT1/phv/m/it' in size <9.53561> not available
(Font)              Font shape `OT1/phv/m/sl' tried instead on input line 147.
 [3] [4 <./Figure 1 in JEPG format.jpg>]
Underfull \hbox (badness 3514) in paragraph at lines 220--221
[]\OT1/ppl/m/n/9.53561 Various privacy-preserving machine-learning al-go-
 []

Package hyperref Info: bookmark level for unknown algorithm defaults to 0 on in
put line 223.

Overfull \hbox (25.11977pt too wide) in paragraph at lines 235--236
[] $\OML/cmm/m/it/10 N[] \OT1/cmr/m/n/10 = \OMS/cmsy/m/n/10 f\OML/cmm/m/it/10 R
andomly select \OMS/cmsy/m/n/10 j[]j \OML/cmm/m/it/10 elements from []\OMS/cmsy
/m/n/10 g$ 
 []


Overfull \hbox (8.0501pt too wide) in paragraph at lines 241--242
[] $[]\OT1/cmr/m/n/10 (\OML/cmm/m/it/10 u\OT1/cmr/m/n/10 ) = [](\OML/cmm/m/it/1
0 u\OT1/cmr/m/n/10 )\OML/cmm/m/it/10 =[] []$ 
 []

[5]
LaTeX Font Info:    Calculating math sizes for size <8.03> on input line 292.

Underfull \hbox (badness 10000) in paragraph at lines 292--292
[][][][][][]$\OT1/ppl/m/n/8.03 https : / / www . kaggle . com / uciml / default
 -[] of -[] credit -[] card -[] clients -[]
 []

LaTeX Font Info:    Trying to load font information for TS1+ppl on input line 2
92.
(D:\MiKTeX\tex/latex/psnfss\ts1ppl.fd
File: ts1ppl.fd 2001/06/04 font definitions for TS1/ppl.
) [6]
> Step: init table outer spec.
> Step: parse table options.
> Step: split table.
> Step: init table inner spec.
> Step: parse table inner spec.
> Step: execute table commands.
> Step: calculate cell and line sizes.
Package textcomp Info: Symbol \textuparrow not provided by
(textcomp)             font family ppl in TS1 encoding.
(textcomp)             Default family used instead on input line 367.
Package textcomp Info: Symbol \textuparrow not provided by
(textcomp)             font family ppl in TS1 encoding.
(textcomp)             Default family used instead on input line 367.
Package textcomp Info: Symbol \textuparrow not provided by
(textcomp)             font family ppl in TS1 encoding.
(textcomp)             Default family used instead on input line 367.
Package textcomp Info: Symbol \textuparrow not provided by
(textcomp)             font family ppl in TS1 encoding.
(textcomp)             Default family used instead on input line 367.
Package textcomp Info: Symbol \textuparrow not provided by
(textcomp)             font family ppl in TS1 encoding.
(textcomp)             Default family used instead on input line 367.
Package textcomp Info: Symbol \textuparrow not provided by
(textcomp)             font family ppl in TS1 encoding.
(textcomp)             Default family used instead on input line 367.
Package textcomp Info: Symbol \textuparrow not provided by
(textcomp)             font family ppl in TS1 encoding.
(textcomp)             Default family used instead on input line 367.
Package textcomp Info: Symbol \textuparrow not provided by
(textcomp)             font family ppl in TS1 encoding.
(textcomp)             Default family used instead on input line 367.
Package textcomp Info: Symbol \textuparrow not provided by
(textcomp)             font family ppl in TS1 encoding.
(textcomp)             Default family used instead on input line 367.
Package textcomp Info: Symbol \textuparrow not provided by
(textcomp)             font family ppl in TS1 encoding.
(textcomp)             Default family used instead on input line 367.
Package textcomp Info: Symbol \textuparrow not provided by
(textcomp)             font family ppl in TS1 encoding.
(textcomp)             Default family used instead on input line 367.
Package textcomp Info: Symbol \textuparrow not provided by
(textcomp)             font family ppl in TS1 encoding.
(textcomp)             Default family used instead on input line 367.
Package textcomp Info: Symbol \textuparrow not provided by
(textcomp)             font family ppl in TS1 encoding.
(textcomp)             Default family used instead on input line 367.
Package textcomp Info: Symbol \textuparrow not provided by
(textcomp)             font family ppl in TS1 encoding.
(textcomp)             Default family used instead on input line 367.
Package textcomp Info: Symbol \textuparrow not provided by
(textcomp)             font family ppl in TS1 encoding.
(textcomp)             Default family used instead on input line 367.
Package textcomp Info: Symbol \textuparrow not provided by
(textcomp)             font family ppl in TS1 encoding.
(textcomp)             Default family used instead on input line 367.
Package textcomp Info: Symbol \textuparrow not provided by
(textcomp)             font family ppl in TS1 encoding.
(textcomp)             Default family used instead on input line 367.
Package textcomp Info: Symbol \textuparrow not provided by
(textcomp)             font family ppl in TS1 encoding.
(textcomp)             Default family used instead on input line 367.
Package textcomp Info: Symbol \textuparrow not provided by
(textcomp)             font family ppl in TS1 encoding.
(textcomp)             Default family used instead on input line 367.
Package textcomp Info: Symbol \textuparrow not provided by
(textcomp)             font family ppl in TS1 encoding.
(textcomp)             Default family used instead on input line 367.
Package textcomp Info: Symbol \textuparrow not provided by
(textcomp)             font family ppl in TS1 encoding.
(textcomp)             Default family used instead on input line 367.
Package textcomp Info: Symbol \textuparrow not provided by
(textcomp)             font family ppl in TS1 encoding.
(textcomp)             Default family used instead on input line 367.
Package textcomp Info: Symbol \textuparrow not provided by
(textcomp)             font family ppl in TS1 encoding.
(textcomp)             Default family used instead on input line 367.
Package textcomp Info: Symbol \textuparrow not provided by
(textcomp)             font family ppl in TS1 encoding.
(textcomp)             Default family used instead on input line 367.
Package textcomp Info: Symbol \textuparrow not provided by
(textcomp)             font family ppl in TS1 encoding.
(textcomp)             Default family used instead on input line 367.
Package textcomp Info: Symbol \textuparrow not provided by
(textcomp)             font family ppl in TS1 encoding.
(textcomp)             Default family used instead on input line 367.
Package textcomp Info: Symbol \textuparrow not provided by
(textcomp)             font family ppl in TS1 encoding.
(textcomp)             Default family used instead on input line 367.
Package textcomp Info: Symbol \textuparrow not provided by
(textcomp)             font family ppl in TS1 encoding.
(textcomp)             Default family used instead on input line 367.
Package textcomp Info: Symbol \textuparrow not provided by
(textcomp)             font family ppl in TS1 encoding.
(textcomp)             Default family used instead on input line 367.
Package textcomp Info: Symbol \textuparrow not provided by
(textcomp)             font family ppl in TS1 encoding.
(textcomp)             Default family used instead on input line 367.
Package textcomp Info: Symbol \textuparrow not provided by
(textcomp)             font family ppl in TS1 encoding.
(textcomp)             Default family used instead on input line 367.
Package textcomp Info: Symbol \textuparrow not provided by
(textcomp)             font family ppl in TS1 encoding.
(textcomp)             Default family used instead on input line 367.
Package textcomp Info: Symbol \textuparrow not provided by
(textcomp)             font family ppl in TS1 encoding.
(textcomp)             Default family used instead on input line 367.
Package textcomp Info: Symbol \textuparrow not provided by
(textcomp)             font family ppl in TS1 encoding.
(textcomp)             Default family used instead on input line 367.
Package textcomp Info: Symbol \textuparrow not provided by
(textcomp)             font family ppl in TS1 encoding.
(textcomp)             Default family used instead on input line 367.
Package textcomp Info: Symbol \textuparrow not provided by
(textcomp)             font family ppl in TS1 encoding.
(textcomp)             Default family used instead on input line 367.
Package textcomp Info: Symbol \textuparrow not provided by
(textcomp)             font family ppl in TS1 encoding.
(textcomp)             Default family used instead on input line 367.
Package textcomp Info: Symbol \textuparrow not provided by
(textcomp)             font family ppl in TS1 encoding.
(textcomp)             Default family used instead on input line 367.
Package textcomp Info: Symbol \textuparrow not provided by
(textcomp)             font family ppl in TS1 encoding.
(textcomp)             Default family used instead on input line 367.
Package textcomp Info: Symbol \textuparrow not provided by
(textcomp)             font family ppl in TS1 encoding.
(textcomp)             Default family used instead on input line 367.
Package textcomp Info: Symbol \textuparrow not provided by
(textcomp)             font family ppl in TS1 encoding.
(textcomp)             Default family used instead on input line 367.
Package textcomp Info: Symbol \textuparrow not provided by
(textcomp)             font family ppl in TS1 encoding.
(textcomp)             Default family used instead on input line 367.
Package textcomp Info: Symbol \textuparrow not provided by
(textcomp)             font family ppl in TS1 encoding.
(textcomp)             Default family used instead on input line 367.
Package textcomp Info: Symbol \textuparrow not provided by
(textcomp)             font family ppl in TS1 encoding.
(textcomp)             Default family used instead on input line 367.
Package textcomp Info: Symbol \textuparrow not provided by
(textcomp)             font family ppl in TS1 encoding.
(textcomp)             Default family used instead on input line 367.
Package textcomp Info: Symbol \textuparrow not provided by
(textcomp)             font family ppl in TS1 encoding.
(textcomp)             Default family used instead on input line 367.
Package textcomp Info: Symbol \textuparrow not provided by
(textcomp)             font family ppl in TS1 encoding.
(textcomp)             Default family used instead on input line 367.
Package textcomp Info: Symbol \textuparrow not provided by
(textcomp)             font family ppl in TS1 encoding.
(textcomp)             Default family used instead on input line 367.
> Step: build the whole table.
Package textcomp Info: Symbol \textuparrow not provided by
(textcomp)             font family ppl in TS1 encoding.
(textcomp)             Default family used instead on input line 367.
Package textcomp Info: Symbol \textuparrow not provided by
(textcomp)             font family ppl in TS1 encoding.
(textcomp)             Default family used instead on input line 367.
Package textcomp Info: Symbol \textuparrow not provided by
(textcomp)             font family ppl in TS1 encoding.
(textcomp)             Default family used instead on input line 367.
Package textcomp Info: Symbol \textuparrow not provided by
(textcomp)             font family ppl in TS1 encoding.
(textcomp)             Default family used instead on input line 367.
Package textcomp Info: Symbol \textuparrow not provided by
(textcomp)             font family ppl in TS1 encoding.
(textcomp)             Default family used instead on input line 367.
Package textcomp Info: Symbol \textuparrow not provided by
(textcomp)             font family ppl in TS1 encoding.
(textcomp)             Default family used instead on input line 367.
Package textcomp Info: Symbol \textuparrow not provided by
(textcomp)             font family ppl in TS1 encoding.
(textcomp)             Default family used instead on input line 367.
Package textcomp Info: Symbol \textuparrow not provided by
(textcomp)             font family ppl in TS1 encoding.
(textcomp)             Default family used instead on input line 367.
Package textcomp Info: Symbol \textuparrow not provided by
(textcomp)             font family ppl in TS1 encoding.
(textcomp)             Default family used instead on input line 367.
Package textcomp Info: Symbol \textuparrow not provided by
(textcomp)             font family ppl in TS1 encoding.
(textcomp)             Default family used instead on input line 367.
Package textcomp Info: Symbol \textuparrow not provided by
(textcomp)             font family ppl in TS1 encoding.
(textcomp)             Default family used instead on input line 367.
Package textcomp Info: Symbol \textuparrow not provided by
(textcomp)             font family ppl in TS1 encoding.
(textcomp)             Default family used instead on input line 367.
Package textcomp Info: Symbol \textuparrow not provided by
(textcomp)             font family ppl in TS1 encoding.
(textcomp)             Default family used instead on input line 367.
Package textcomp Info: Symbol \textuparrow not provided by
(textcomp)             font family ppl in TS1 encoding.
(textcomp)             Default family used instead on input line 367.
Package textcomp Info: Symbol \textuparrow not provided by
(textcomp)             font family ppl in TS1 encoding.
(textcomp)             Default family used instead on input line 367.
Package textcomp Info: Symbol \textuparrow not provided by
(textcomp)             font family ppl in TS1 encoding.
(textcomp)             Default family used instead on input line 367.

Underfull \hbox (badness 2762) in paragraph at lines 373--374
\OT1/ppl/m/n/9.53561 tors, namely VFPU[]LR, VFPU[]GBDT, VFPU[]RF, and
 []

[7]
<./Figure 2 (1) in JEPG format.jpg, id=328, 396.64185pt x 381.46515pt>
File: ./Figure 2 (1) in JEPG format.jpg Graphic file (type jpg)
<use ./Figure 2 (1) in JEPG format.jpg>
Package pdftex.def Info: ./Figure 2 (1) in JEPG format.jpg  used on input line 
393.
(pdftex.def)             Requested size: 209.7592pt x 145.10959pt.
<./Figure 2 (2) in JEPG format.jpg, id=329, 396.64185pt x 381.46515pt>
File: ./Figure 2 (2) in JEPG format.jpg Graphic file (type jpg)
<use ./Figure 2 (2) in JEPG format.jpg>
Package pdftex.def Info: ./Figure 2 (2) in JEPG format.jpg  used on input line 
404.
(pdftex.def)             Requested size: 209.7592pt x 145.10959pt.
<./Figure 2 (3) in JEPG format.jpg, id=330, 388.3308pt x 377.85165pt>
File: ./Figure 2 (3) in JEPG format.jpg Graphic file (type jpg)
<use ./Figure 2 (3) in JEPG format.jpg>
Package pdftex.def Info: ./Figure 2 (3) in JEPG format.jpg  used on input line 
415.
(pdftex.def)             Requested size: 209.76068pt x 145.10722pt.
<./Figure 2 (4) in JEPG format.jpg, id=331, 409.65045pt x 381.46515pt>
File: ./Figure 2 (4) in JEPG format.jpg Graphic file (type jpg)
<use ./Figure 2 (4) in JEPG format.jpg>
Package pdftex.def Info: ./Figure 2 (4) in JEPG format.jpg  used on input line 
424.
(pdftex.def)             Requested size: 221.41422pt x 145.10959pt.
<./Figure 3 (1) in JEPG format.jpg, id=332, 396.64185pt x 381.46515pt>
File: ./Figure 3 (1) in JEPG format.jpg Graphic file (type jpg)
<use ./Figure 3 (1) in JEPG format.jpg>
Package pdftex.def Info: ./Figure 3 (1) in JEPG format.jpg  used on input line 
441.
(pdftex.def)             Requested size: 209.7592pt x 145.10959pt.
<./Figure 3 (2) in JEPG format.jpg, id=333, 396.64185pt x 381.46515pt>
File: ./Figure 3 (2) in JEPG format.jpg Graphic file (type jpg)
<use ./Figure 3 (2) in JEPG format.jpg>
Package pdftex.def Info: ./Figure 3 (2) in JEPG format.jpg  used on input line 
450.
(pdftex.def)             Requested size: 209.7592pt x 145.10959pt.
<./Figure 3 (3) in JEPG format.jpg, id=334, 388.3308pt x 377.85165pt>
File: ./Figure 3 (3) in JEPG format.jpg Graphic file (type jpg)
<use ./Figure 3 (3) in JEPG format.jpg>
Package pdftex.def Info: ./Figure 3 (3) in JEPG format.jpg  used on input line 
461.
(pdftex.def)             Requested size: 209.76068pt x 145.10722pt.
<./Figure 3 (4) in JEPG format.jpg, id=335, 409.65045pt x 381.46515pt>
File: ./Figure 3 (4) in JEPG format.jpg Graphic file (type jpg)
<use ./Figure 3 (4) in JEPG format.jpg>
Package pdftex.def Info: ./Figure 3 (4) in JEPG format.jpg  used on input line 
470.
(pdftex.def)             Requested size: 209.76282pt x 145.10959pt.
<./Figure 4 (1) in JEPG format.jpg, id=336, 401.70074pt x 381.46515pt>
File: ./Figure 4 (1) in JEPG format.jpg Graphic file (type jpg)
<use ./Figure 4 (1) in JEPG format.jpg>
Package pdftex.def Info: ./Figure 4 (1) in JEPG format.jpg  used on input line 
486.
(pdftex.def)             Requested size: 209.76208pt x 145.10959pt.
<./Figure 4 (2) in JEPG format.jpg, id=337, 396.64185pt x 381.46515pt>
File: ./Figure 4 (2) in JEPG format.jpg Graphic file (type jpg)
<use ./Figure 4 (2) in JEPG format.jpg>
Package pdftex.def Info: ./Figure 4 (2) in JEPG format.jpg  used on input line 
495.
(pdftex.def)             Requested size: 209.7592pt x 145.10959pt.
<./Figure 4 (3) in JEPG format.jpg, id=338, 388.3308pt x 377.85165pt>
File: ./Figure 4 (3) in JEPG format.jpg Graphic file (type jpg)
<use ./Figure 4 (3) in JEPG format.jpg>
Package pdftex.def Info: ./Figure 4 (3) in JEPG format.jpg  used on input line 
506.
(pdftex.def)             Requested size: 209.76068pt x 145.10722pt.
<./Figure 4 (4) in JEPG format.jpg, id=339, 412.05945pt x 381.46515pt>
File: ./Figure 4 (4) in JEPG format.jpg Graphic file (type jpg)
<use ./Figure 4 (4) in JEPG format.jpg>
Package pdftex.def Info: ./Figure 4 (4) in JEPG format.jpg  used on input line 
515.
(pdftex.def)             Requested size: 209.76399pt x 145.10959pt.
<./Figure 5 in JPEG format.jpg, id=340, 1084.05pt x 578.16pt>
File: ./Figure 5 in JPEG format.jpg Graphic file (type jpg)
<use ./Figure 5 in JPEG format.jpg>
Package pdftex.def Info: ./Figure 5 in JPEG format.jpg  used on input line 527.

(pdftex.def)             Requested size: 466.13242pt x 256.06737pt.
> Step: init table outer spec.
> Step: parse table options.
> Step: split table.
> Step: init table inner spec.
> Step: parse table inner spec.
> Step: execute table commands.
> Step: calculate cell and line sizes.
> Step: build the whole table.
> Step: init table outer spec.
> Step: parse table options.
> Step: split table.
> Step: init table inner spec.
> Step: parse table inner spec.
> Step: execute table commands.
> Step: calculate cell and line sizes.


Package tabularray Warning: Table width is too small, need 15.79024pt more!

> Step: build the whole table.

Underfull \hbox (badness 10000) in paragraph at lines 651--652
[]\OT1/ppl/m/n/9.53561 In the first ex-per-i-ment, we com-pared
 []


Underfull \hbox (badness 10000) in paragraph at lines 651--652
\OT1/ppl/m/n/9.53561 No[]Fed[]VFPU[]GBDT with other 9 semi-supervised
 []


Underfull \hbox (badness 1845) in paragraph at lines 651--652
\OT1/ppl/m/n/9.53561 learn-ing meth-ods with-out fed-er-a-tion, and the re-sult
s
 []


Underfull \hbox (badness 5050) in paragraph at lines 651--652
\OT1/ppl/m/n/9.53561 are pre-sented in []Ta-ble 2[][]. The com-pared meth-ods
 []


Underfull \hbox (badness 1515) in paragraph at lines 673--674
\OT1/ppl/m/n/9.53561 data. We use a set of hyperparameters($\OML/cmm/m/it/10 ^^
\ \OT1/cmr/m/n/10 =
 []

[8] [9 <./Figure 2 (1) in JEPG format.jpg> <./Figure 2 (2) in JEPG format.jpg> 
<./Figure 2 (3) in JEPG format.jpg> <./Figure 2 (4) in JEPG format.jpg> <./Figu
re 3 (1) in JEPG format.jpg> <./Figure 3 (2) in JEPG format.jpg> <./Figure 3 (3
) in JEPG format.jpg> <./Figure 3 (4) in JEPG format.jpg>] [10 <./Figure 4 (1) 
in JEPG format.jpg> <./Figure 4 (2) in JEPG format.jpg> <./Figure 4 (3) in JEPG
 format.jpg> <./Figure 4 (4) in JEPG format.jpg> <./Figure 5 in JPEG format.jpg
>] [11]
Underfull \hbox (badness 10000) in paragraph at lines 690--691
[][]\OT1/ppl/m/n/9.53561 Table 2[][] demon-strates that our method
 []


Underfull \hbox (badness 7888) in paragraph at lines 690--691
\OT1/ppl/m/n/9.53561 No[]Fed[]VFPU[]GBDT out-per-forms other nine semi-
 []


Underfull \hbox (badness 2617) in paragraph at lines 692--693
[]\OT1/ppl/m/n/9.53561 The Match se-ries al-go-rithms (Fix-Match, Co-Match,
 []


Underfull \hbox (badness 1817) in paragraph at lines 697--698
\OT1/ppl/m/n/9.53561 er-ated Learn-ing (VFL) set-ting, de-noted as VF[]GBDT,
 []


Underfull \hbox (badness 1424) in paragraph at lines 697--698
\OT1/ppl/m/n/9.53561 VF[]Bagging[]GBDT, VF[]2Step[]GBDT, and VFPU[]GBDT.
 []


Underfull \hbox (badness 2846) in paragraph at lines 700--702
\OT1/ppl/m/n/9.53561 ting. The re-sults in []Ta-ble 3[][] clearly show that the

 []


Underfull \hbox (badness 1454) in paragraph at lines 700--702
\OT1/ppl/m/n/9.53561 nif-i-cantly out-per-form-ing VF[]GBDT, VF[]Bagging[]GBDT,

 []

[12]
(Multi-party Federated Recommendation Based on Semi-supervised Learning.bbl
[13] [14])
<liuxin.jpg, id=413, 1951.29pt x 2906.86pt>
File: liuxin.jpg Graphic file (type jpg)
<use liuxin.jpg>
Package pdftex.def Info: liuxin.jpg  used on input line 727.
(pdftex.def)             Requested size: 60.62036pt x 90.30688pt.
File: liuxin.jpg Graphic file (type jpg)
<use liuxin.jpg>
Package pdftex.def Info: liuxin.jpg  used on input line 727.
(pdftex.def)             Requested size: 60.62036pt x 90.30688pt.
<lvjiuluan.jpg, id=416, 782.925pt x 1096.095pt>
File: lvjiuluan.jpg Graphic file (type jpg)
<use lvjiuluan.jpg>
Package pdftex.def Info: lvjiuluan.jpg  used on input line 732.
(pdftex.def)             Requested size: 64.52281pt x 90.33194pt.
File: lvjiuluan.jpg Graphic file (type jpg)
<use lvjiuluan.jpg>
Package pdftex.def Info: lvjiuluan.jpg  used on input line 732.
(pdftex.def)             Requested size: 64.52281pt x 90.33194pt.

Underfull \hbox (badness 3713) in paragraph at lines 732--734
[]\OT1/phv/b/n/8.03 Jiuluan Lv \OT1/phv/m/n/8.03 re-ceived the BS de-gree from
 []

<cf.jpg, id=419, 1084.05pt x 1419.3025pt>
File: cf.jpg Graphic file (type jpg)
<use cf.jpg>
Package pdftex.def Info: cf.jpg  used on input line 737.
(pdftex.def)             Requested size: 68.99355pt x 90.33044pt.
File: cf.jpg Graphic file (type jpg)
<use cf.jpg>
Package pdftex.def Info: cf.jpg  used on input line 737.
(pdftex.def)             Requested size: 68.99355pt x 90.33044pt.
<wqj.jpg, id=422, 806.01125pt x 1201.48875pt>
File: wqj.jpg Graphic file (type jpg)
<use wqj.jpg>
Package pdftex.def Info: wqj.jpg  used on input line 743.
(pdftex.def)             Requested size: 60.59581pt x 90.32776pt.
File: wqj.jpg Graphic file (type jpg)
<use wqj.jpg>
Package pdftex.def Info: wqj.jpg  used on input line 743.
(pdftex.def)             Requested size: 60.59581pt x 90.32776pt.
<hhx.jpg, id=425, 296.10625pt x 429.605pt>
File: hhx.jpg Graphic file (type jpg)
<use hhx.jpg>
Package pdftex.def Info: hhx.jpg  used on input line 749.
(pdftex.def)             Requested size: 62.26547pt x 90.33769pt.
File: hhx.jpg Graphic file (type jpg)
<use hhx.jpg>
Package pdftex.def Info: hhx.jpg  used on input line 749.
(pdftex.def)             Requested size: 62.26547pt x 90.33769pt.

Underfull \hbox (badness 1490) in paragraph at lines 749--751
\OT1/phv/m/n/8.03 to-ward the mas-ter's de-gree with Chongqing
 []

[15 <./liuxin.jpg> <./lvjiuluan.jpg> <./cf.jpg> <./wqj.jpg> <./hhx.jpg>]
<ying.jpg, id=437, 363.3575pt x 494.84875pt>
File: ying.jpg Graphic file (type jpg)
<use ying.jpg>
Package pdftex.def Info: ying.jpg  used on input line 753.
(pdftex.def)             Requested size: 66.33298pt x 90.33746pt.
File: ying.jpg Graphic file (type jpg)
<use ying.jpg>
Package pdftex.def Info: ying.jpg  used on input line 753.
(pdftex.def)             Requested size: 66.33298pt x 90.33746pt.

[16

 <./ying.jpg>]
(Multi-party Federated Recommendation Based on Semi-supervised Learning.aux)
 ***********
LaTeX2e <2023-06-01> patch level 1
L3 programming layer <2023-08-29>
 ***********
Package rerunfilecheck Info: File `"Multi-party Federated Recommendation Based 
on Semi-supervised Learning".out' has not changed.
(rerunfilecheck)             Checksum: 05B5C431960680C0AC6CEB631810643F;4367.
 ) 
Here is how much of TeX's memory you used:
 18127 strings out of 475248
 327603 string characters out of 5774204
 2129801 words of memory out of 5000000
 39250 multiletter control sequences out of 15000+600000
 624406 words of font info for 168 fonts, out of 8000000 for 9000
 1145 hyphenation exceptions out of 8191
 75i,19n,104p,2099b,1347s stack positions out of 10000i,1000n,20000p,200000b,200000s
 <C:\Users\Administrator\AppData\Local\MiKTeX\fonts/pk/ljfour/jknappen/ec/dpi
600\tcrm0800.pk><D:/MiKTeX/fonts/type1/public/amsfonts/cm/cmex10.pfb><D:/MiKTeX
/fonts/type1/public/amsfonts/cm/cmmi10.pfb><D:/MiKTeX/fonts/type1/public/amsfon
ts/cm/cmmi7.pfb><D:/MiKTeX/fonts/type1/public/amsfonts/cm/cmmi8.pfb><D:/MiKTeX/
fonts/type1/public/amsfonts/cm/cmr10.pfb><D:/MiKTeX/fonts/type1/public/amsfonts
/cm/cmr7.pfb><D:/MiKTeX/fonts/type1/public/amsfonts/cm/cmsy10.pfb><D:/MiKTeX/fo
nts/type1/public/amsfonts/cm/cmsy7.pfb><D:/MiKTeX/fonts/type1/urw/helvetic/uhvb
8a.pfb><D:/MiKTeX/fonts/type1/urw/helvetic/uhvr8a.pfb><D:/MiKTeX/fonts/type1/ur
w/helvetic/uhvro8a.pfb><D:/MiKTeX/fonts/type1/urw/palatino/uplb8a.pfb><D:/MiKTe
X/fonts/type1/urw/palatino/uplr8a.pfb><D:/MiKTeX/fonts/type1/urw/palatino/uplri
8a.pfb><D:/MiKTeX/fonts/type1/urw/zapfding/uzdr.pfb>
Output written on "Multi-party Federated Recommendation Based on Semi-supervise
d Learning.pdf" (16 pages, 10528997 bytes).
PDF statistics:
 541 PDF objects out of 1000 (max. 8388607)
 132 named destinations out of 1000 (max. 500000)
 357 words of extra memory for PDF output out of 10000 (max. 10000000)

