\BOOKMARK [0][-]{chapter*.8}{\376\377\144\130\000\040\211\201}{}% 1
\BOOKMARK [0][-]{chapter*.9}{\376\377\000A\000B\000S\000T\000R\000A\000C\000T}{}% 2
\BOOKMARK [0][-]{chapter.1}{\376\377\173\054\0001\172\340\000\040\000\040\176\352\213\272}{}% 3
\BOOKMARK [1][-]{section.1.1}{\376\377\0001\000.\0001\000\040\170\024\172\166\200\314\146\157\123\312\141\017\116\111}{chapter.1}% 4
\BOOKMARK [1][-]{section.1.2}{\376\377\0001\000.\0002\000\040\126\375\121\205\131\026\170\024\172\166\163\260\162\266}{chapter.1}% 5
\BOOKMARK [2][-]{subsection.1.2.1}{\376\377\0001\000.\0002\000.\0001\000\040\200\124\220\246\123\112\166\321\167\143\133\146\116\140}{section.1.2}% 6
\BOOKMARK [2][-]{subsection.1.2.2}{\376\377\0001\000.\0002\000.\0002\000\040\145\160\143\156\165\037\142\020\145\271\154\325}{section.1.2}% 7
\BOOKMARK [1][-]{section.1.3}{\376\377\0001\000.\0003\000\040\213\272\145\207\170\024\172\166\166\204\116\073\211\201\121\205\133\271}{chapter.1}% 8
\BOOKMARK [1][-]{section.1.4}{\376\377\0001\000.\0004\000\040\213\272\145\207\176\304\176\307\176\323\147\204}{chapter.1}% 9
\BOOKMARK [0][-]{chapter.2}{\376\377\173\054\0002\172\340\000\040\000\040\166\370\121\163\164\006\213\272\116\313\176\315}{}% 10
\BOOKMARK [1][-]{section.2.1}{\376\377\0002\000.\0001\000\040\147\054\172\340\137\025\212\000}{chapter.2}% 11
\BOOKMARK [1][-]{section.2.2}{\376\377\0002\000.\0002\000\040\200\124\220\246\133\146\116\140}{chapter.2}% 12
\BOOKMARK [2][-]{subsection.2.2.1}{\376\377\0002\000.\0002\000.\0001\000\040\200\124\220\246\133\146\116\140\151\202\137\365}{section.2.2}% 13
\BOOKMARK [2][-]{subsection.2.2.2}{\376\377\0002\000.\0002\000.\0002\000\040\200\124\220\246\133\146\116\140\122\006\174\173}{section.2.2}% 14
\BOOKMARK [1][-]{section.2.3}{\376\377\0002\000.\0003\000\040\123\112\166\321\167\143\133\146\116\140}{chapter.2}% 15
\BOOKMARK [2][-]{subsection.2.3.1}{\376\377\0002\000.\0003\000.\0001\000\040\123\112\166\321\167\143\133\146\116\140\151\202\137\365}{section.2.3}% 16
\BOOKMARK [2][-]{subsection.2.3.2}{\376\377\0002\000.\0003\000.\0002\000\040\123\112\166\321\167\143\133\146\116\140\145\271\154\325}{section.2.3}% 17
\BOOKMARK [1][-]{section.2.4}{\376\377\0002\000.\0004\000\040\210\150\150\074\145\160\143\156\165\037\142\020}{chapter.2}% 18
\BOOKMARK [1][-]{section.2.5}{\376\377\0002\000.\0005\000\040\147\054\172\340\134\017\176\323}{chapter.2}% 19
\BOOKMARK [0][-]{chapter.3}{\376\377\173\054\0003\172\340\000\040\000\040\127\372\116\216\131\032\145\271\200\124\220\246\166\204\123\112\166\321\167\143\133\146\116\140\145\271\154\325}{}% 20
\BOOKMARK [1][-]{section.3.1}{\376\377\0003\000.\0001\000\040\147\054\172\340\137\025\212\000}{chapter.3}% 21
\BOOKMARK [1][-]{section.3.2}{\376\377\0003\000.\0002\000\040\225\356\230\230\122\006\147\220\116\016\133\232\116\111}{chapter.3}% 22
\BOOKMARK [1][-]{section.3.3}{\376\377\0003\000.\0003\000\040\127\372\116\216\131\032\145\271\200\124\220\246\166\204\123\112\166\321\167\143\133\146\116\140\145\271\154\325}{chapter.3}% 23
\BOOKMARK [2][-]{subsection.3.3.1}{\376\377\0003\000.\0003\000.\0001\000\040\145\160\143\156\230\204\131\004\164\006\116\016\122\240\133\306\150\067\147\054\133\371\237\120}{section.3.3}% 24
\BOOKMARK [2][-]{subsection.3.3.2}{\376\377\0003\000.\0003\000.\0002\000\040\127\372\116\216\153\143\150\067\147\054\116\016\147\052\150\007\213\260\145\160\143\156\166\204\176\265\124\021\200\124\220\246\133\146\116\140}{section.3.3}% 25
\BOOKMARK [1][-]{section.3.4}{\376\377\0003\000.\0004\000\040\133\236\232\214\217\307\172\013\123\312\176\323\147\234\122\006\147\220}{chapter.3}% 26
\BOOKMARK [2][-]{subsection.3.4.1}{\376\377\0003\000.\0004\000.\0001\000\040\145\160\143\156\226\306\116\313\176\315\116\016\133\236\232\214\121\306\131\007}{section.3.4}% 27
\BOOKMARK [2][-]{subsection.3.4.2}{\376\377\0003\000.\0004\000.\0002\000\040\133\236\232\214\213\276\213\241\116\016\127\372\176\277\152\041\127\213\116\313\176\315}{section.3.4}% 28
\BOOKMARK [2][-]{subsection.3.4.3}{\376\377\0003\000.\0004\000.\0003\000\040\133\236\232\214\176\323\147\234\122\006\147\220}{section.3.4}% 29
\BOOKMARK [1][-]{section.3.5}{\376\377\0003\000.\0005\000\040\147\054\172\340\134\017\176\323}{chapter.3}% 30
\BOOKMARK [0][-]{chapter.4}{\376\377\173\054\0004\172\340\000\040\000\040\127\372\116\216\200\124\220\246\123\112\166\321\167\143\133\146\116\140\166\204\123\302\116\016\145\271\150\067\147\054\165\037\142\020\145\271\154\325}{}% 31
\BOOKMARK [1][-]{section.4.1}{\376\377\0004\000.\0001\000\040\147\054\172\340\137\025\212\000}{chapter.4}% 32
\BOOKMARK [1][-]{section.4.2}{\376\377\0004\000.\0002\000\040\225\356\230\230\122\006\147\220\116\016\133\232\116\111}{chapter.4}% 33
\BOOKMARK [1][-]{section.4.3}{\376\377\0004\000.\0003\000\040\127\372\116\216\200\124\220\246\123\112\166\321\167\143\133\146\116\140\166\204\123\302\116\016\145\271\150\067\147\054\165\037\142\020\145\271\154\325\150\106\147\266}{chapter.4}% 34
\BOOKMARK [2][-]{subsection.4.3.1}{\376\377\0004\000.\0003\000.\0001\000\040\213\241\173\227\215\350\145\271\162\171\137\201\166\370\121\163\140\047}{section.4.3}% 35
\BOOKMARK [2][-]{subsection.4.3.2}{\376\377\0004\000.\0003\000.\0002\000\040\176\265\124\021\200\124\220\246\123\112\166\321\167\143\145\271\154\325\230\204\155\113\145\160\143\156}{section.4.3}% 36
\BOOKMARK [2][-]{subsection.4.3.3}{\376\377\0004\000.\0003\000.\0003\000\040\165\037\142\020\152\041\127\213\116\016\176\265\124\021\200\124\220\246\123\112\166\321\167\143\133\146\116\140\166\204\123\117\124\014\150\106\147\266}{section.4.3}% 37
\BOOKMARK [1][-]{section.4.4}{\376\377\0004\000.\0004\000\040\133\236\232\214\217\307\172\013\123\312\176\323\147\234\122\006\147\220}{chapter.4}% 38
\BOOKMARK [2][-]{subsection.4.4.1}{\376\377\0004\000.\0004\000.\0001\000\040\145\160\143\156\226\306\116\313\176\315\116\016\133\236\232\214\121\306\131\007}{section.4.4}% 39
\BOOKMARK [2][-]{subsection.4.4.2}{\376\377\0004\000.\0004\000.\0002\000\040\133\236\232\214\213\276\213\241\116\016\127\372\176\277\152\041\127\213\116\313\176\315}{section.4.4}% 40
\BOOKMARK [2][-]{subsection.4.4.3}{\376\377\0004\000.\0004\000.\0003\000\040\133\236\232\214\176\323\147\234\122\006\147\220}{section.4.4}% 41
\BOOKMARK [1][-]{section.4.5}{\376\377\0004\000.\0005\000\040\147\054\172\340\134\017\176\323}{chapter.4}% 42
\BOOKMARK [0][-]{chapter.5}{\376\377\173\054\0005\172\340\000\040\000\040\140\073\176\323\116\016\134\125\147\033}{}% 43
\BOOKMARK [1][-]{section.5.1}{\376\377\0005\000.\0001\000\040\170\024\172\166\140\073\176\323}{chapter.5}% 44
\BOOKMARK [1][-]{section.5.2}{\376\377\0005\000.\0002\000\040\147\052\147\145\135\345\117\134\134\125\147\033}{chapter.5}% 45
\BOOKMARK [0][-]{chapter*.35}{\376\377\123\302\200\003\145\207\163\056}{}% 46
\BOOKMARK [0][-]{chapter*.36}{\376\377\117\134\200\005\173\200\116\313}{}% 47
\BOOKMARK [1][-]{section*.37}{\376\377\0001\000.\000\040\000\040\145\073\213\373\133\146\117\115\147\037\225\364\166\204\170\024\172\166\142\020\147\234}{chapter*.36}% 48
\BOOKMARK [2][-]{subsection*.38}{\376\377\0001\000.\0001\000\040\000\040\123\321\210\150\166\204\133\146\147\057\213\272\145\207\124\214\204\127\117\134}{section*.37}% 49
\BOOKMARK [2][-]{subsection*.39}{\376\377\0001\000.\0002\000\040\000\040\123\302\116\016\166\204\171\321\170\024\230\171\166\356\123\312\203\267\131\126}{section*.37}% 50
\BOOKMARK [0][-]{chapter*.40}{\376\377\201\364\000\040\000\040\214\042}{}% 51
