\BOOKMARK [1][-]{section.1}{\376\377\000I\000n\000t\000r\000o\000d\000u\000c\000t\000i\000o\000n}{}% 1
\BOOKMARK [1][-]{section.2}{\376\377\000R\000e\000l\000a\000t\000e\000d\000\040\000W\000o\000r\000k}{}% 2
\BOOKMARK [2][-]{subsection.2.1}{\376\377\000F\000e\000d\000e\000r\000a\000t\000e\000d\000\040\000L\000e\000a\000r\000n\000i\000n\000g}{section.2}% 3
\BOOKMARK [2][-]{subsection.2.2}{\376\377\000S\000e\000m\000i\000-\000s\000u\000p\000e\000r\000v\000i\000s\000e\000d\000\040\000L\000e\000a\000r\000n\000i\000n\000g}{section.2}% 4
\BOOKMARK [1][-]{section.3}{\376\377\000P\000r\000o\000p\000o\000s\000e\000d\000\040\000A\000p\000p\000r\000o\000a\000c\000h}{}% 5
\BOOKMARK [2][-]{subsection.3.1}{\376\377\000P\000r\000o\000b\000l\000e\000m\000\040\000S\000e\000t\000u\000p}{section.3}% 6
\BOOKMARK [2][-]{subsection.3.2}{\376\377\000R\000e\000c\000o\000m\000m\000e\000n\000d\000a\000t\000i\000o\000n\000\040\000B\000a\000s\000e\000d\000\040\000o\000n\000\040\000V\000F\000P\000U}{section.3}% 7
\BOOKMARK [3][-]{subsubsection.3.2.1}{\376\377\000D\000a\000t\000a\000\040\000p\000r\000e\000p\000r\000o\000c\000e\000s\000s\000i\000n\000g\000\040\000a\000n\000d\000\040\000e\000n\000c\000r\000y\000p\000t\000e\000d\000\040\000s\000a\000m\000p\000l\000e\000\040\000a\000l\000i\000g\000n\000m\000e\000n\000t}{subsection.3.2}% 8
\BOOKMARK [3][-]{subsubsection.3.2.2}{\376\377\000V\000e\000r\000t\000i\000c\000a\000l\000\040\000f\000e\000d\000e\000r\000a\000t\000e\000d\000\040\000l\000e\000a\000r\000n\000i\000n\000g\000\040\000w\000i\000t\000h\000\040\000p\000o\000s\000i\000t\000i\000v\000e\000\040\000a\000n\000d\000\040\000u\000n\000l\000a\000b\000e\000l\000e\000d\000\040\000d\000a\000t\000a}{subsection.3.2}% 9
\BOOKMARK [1][-]{section.4}{\376\377\000E\000x\000p\000e\000r\000i\000m\000e\000n\000t\000s}{}% 10
\BOOKMARK [2][-]{subsection.4.1}{\376\377\000E\000x\000p\000e\000r\000i\000m\000e\000n\000t\000a\000l\000\040\000S\000e\000t\000u\000p}{section.4}% 11
\BOOKMARK [2][-]{subsection.4.2}{\376\377\000E\000x\000p\000e\000r\000i\000m\000e\000n\000t\000a\000l\000\040\000r\000e\000s\000u\000l\000t\000s}{section.4}% 12
\BOOKMARK [3][-]{subsubsection.4.2.1}{\376\377\000R\000Q\0001\000:\000\040\000P\000e\000r\000f\000o\000r\000m\000a\000n\000c\000e\000\040\000c\000o\000m\000p\000a\000r\000i\000s\000o\000n\000\040\000o\000f\000\040\000P\000U\000\040\000L\000e\000a\000r\000n\000i\000n\000g\000\040\000w\000i\000t\000h\000\040\000a\000n\000d\000\040\000w\000i\000t\000h\000o\000u\000t\000\040\000f\000e\000d\000e\000r\000a\000t\000i\000o\000n}{subsection.4.2}% 13
\BOOKMARK [3][-]{subsubsection.4.2.2}{\376\377\000R\000Q\0002\000:\000\040\000I\000m\000p\000a\000c\000t\000\040\000o\000f\000\040\000d\000i\000f\000f\000e\000r\000e\000n\000t\000\040\000b\000a\000s\000e\000\040\000e\000s\000t\000i\000m\000a\000t\000o\000r\000s\000\040\000o\000n\000\040\000V\000F\000P\000U}{subsection.4.2}% 14
\BOOKMARK [3][-]{subsubsection.4.2.3}{\376\377\000R\000Q\0003\000:\000\040\000U\000n\000c\000o\000v\000e\000r\000i\000n\000g\000\040\000h\000i\000d\000d\000e\000n\000\040\000p\000o\000s\000i\000t\000i\000v\000e\000\040\000s\000a\000m\000p\000l\000e\000s\000:\000\040\000V\000F\000P\000U\000\040\000v\000s\000.\000\040\000o\000t\000h\000e\000r\000\040\000s\000e\000m\000i\000-\000s\000u\000p\000e\000r\000v\000i\000s\000e\000d\000\040\000m\000e\000t\000h\000o\000d\000s\000\040\000i\000n\000\040\000V\000F\000L\000\040\000S\000e\000t\000t\000i\000n\000g}{subsection.4.2}% 15
\BOOKMARK [1][-]{section.5}{\376\377\000C\000o\000n\000c\000l\000u\000s\000i\000o\000n}{}% 16
\BOOKMARK [1][-]{IEEEbiography.0}{\376\377\000B\000i\000o\000g\000r\000a\000p\000h\000i\000e\000s}{}% 17
\BOOKMARK [2][-]{IEEEbiography.1}{\376\377\000X\000i\000n\000\040\000l\000i\000u}{IEEEbiography.0}% 18
\BOOKMARK [2][-]{IEEEbiography.2}{\376\377\000J\000i\000u\000l\000u\000a\000n\000\040\000L\000v}{IEEEbiography.0}% 19
\BOOKMARK [2][-]{IEEEbiography.3}{\376\377\000F\000e\000n\000g\000\040\000C\000h\000e\000n}{IEEEbiography.0}% 20
\BOOKMARK [2][-]{IEEEbiography.4}{\376\377\000Q\000i\000n\000g\000j\000i\000e\000\040\000W\000e\000i}{IEEEbiography.0}% 21
\BOOKMARK [2][-]{IEEEbiography.5}{\376\377\000H\000a\000n\000g\000x\000u\000a\000n\000\040\000H\000e}{IEEEbiography.0}% 22
\BOOKMARK [2][-]{IEEEbiography.6}{\376\377\000Y\000i\000n\000g\000\040\000Q\000I\000A\000N}{IEEEbiography.0}% 23
